<?xml version="1.0" encoding="UTF-8"?>
<testsuite name="pojo.equals.field.primitive.PrimitiveValueChangerTest" tests="1" skipped="0" failures="0" errors="0" timestamp="2015-09-14T16:19:58" hostname="orangutan" time="0.0">
  <properties/>
  <testcase name="shouldCreateInstaceWithPrimitiveChangers" classname="pojo.equals.field.primitive.PrimitiveValueChangerTest" time="0.0"/>
  <system-out><![CDATA[]]></system-out>
  <system-err><![CDATA[]]></system-err>
</testsuite>
