<?xml version="1.0" encoding="UTF-8"?>
<testsuite name="pojo.equals.field.FieldsValuesChangerTest" tests="4" skipped="0" failures="0" errors="0" timestamp="2015-09-14T16:19:58" hostname="orangutan" time="0.034">
  <properties/>
  <testcase name="shouldReturnFalseIfCanNotChange" classname="pojo.equals.field.FieldsValuesChangerTest" time="0.024"/>
  <testcase name="shouldRegisterFieldsValuesChangerToNextFieldRegisterValuesChanger" classname="pojo.equals.field.FieldsValuesChangerTest" time="0.004"/>
  <testcase name="shouldRegisterFirstFieldsValuesChanger" classname="pojo.equals.field.FieldsValuesChangerTest" time="0.006"/>
  <testcase name="shouldReturnTrueIfCanChange" classname="pojo.equals.field.FieldsValuesChangerTest" time="0.0"/>
  <system-out><![CDATA[]]></system-out>
  <system-err><![CDATA[]]></system-err>
</testsuite>
