<?xml version="1.0" encoding="UTF-8"?>
<testsuite name="pojo.equals.field.primitive.BooleanValueChangerTest" tests="3" skipped="0" failures="0" errors="0" timestamp="2015-09-14T16:19:58" hostname="orangutan" time="0.002">
  <properties/>
  <testcase name="shouldChangeValue" classname="pojo.equals.field.primitive.BooleanValueChangerTest" time="0.001"/>
  <testcase name="shouldReturnFalseForSameValues" classname="pojo.equals.field.primitive.BooleanValueChangerTest" time="0.001"/>
  <testcase name="shouldReturnTrueForDifferentValues" classname="pojo.equals.field.primitive.BooleanValueChangerTest" time="0.0"/>
  <system-out><![CDATA[]]></system-out>
  <system-err><![CDATA[]]></system-err>
</testsuite>
